2026-07-12T08:15:30 IDENTIFY INICIO
2026-07-12T08:15:30 Templates recebidos: 1
2026-07-12T08:15:30 IDENTIFY ENGINE INICIO
2026-07-12T08:15:30 ANTES FTREnroll
2026-07-12T08:15:55 DEPOIS FTREnroll
2026-07-12T08:15:55 ANTES FTRIdentifyN
2026-07-12T08:15:55 DEPOIS FTRIdentifyN
2026-07-12T08:15:56 IDENTIFY INICIO
2026-07-12T08:15:56 Templates recebidos: 1
2026-07-12T08:15:56 IDENTIFY ENGINE INICIO
2026-07-12T08:15:56 ANTES FTREnroll
2026-07-12T08:15:57 DEPOIS FTREnroll
2026-07-12T08:15:57 ANTES FTRIdentifyN
2026-07-12T08:15:57 DEPOIS FTRIdentifyN
2026-07-12T08:15:57 IDENTIFY INICIO
2026-07-12T08:15:57 Templates recebidos: 1
2026-07-12T08:15:57 IDENTIFY ENGINE INICIO
2026-07-12T08:15:57 ANTES FTREnroll
2026-07-12T08:15:58 DEPOIS FTREnroll
2026-07-12T08:15:58 ANTES FTRIdentifyN
2026-07-12T08:15:58 DEPOIS FTRIdentifyN
2026-07-12T08:15:58 IDENTIFY INICIO
2026-07-12T08:15:58 Templates recebidos: 1
2026-07-12T08:15:58 IDENTIFY ENGINE INICIO
2026-07-12T08:15:58 ANTES FTREnroll
2026-07-12T08:15:59 DEPOIS FTREnroll
2026-07-12T08:15:59 ANTES FTRIdentifyN
2026-07-12T08:15:59 DEPOIS FTRIdentifyN
2026-07-12T08:15:59 IDENTIFY INICIO
2026-07-12T08:15:59 Templates recebidos: 1
2026-07-12T08:15:59 IDENTIFY ENGINE INICIO
2026-07-12T08:15:59 ANTES FTREnroll
2026-07-12T08:16:01 DEPOIS FTREnroll
2026-07-12T08:16:01 ANTES FTRIdentifyN
2026-07-12T08:16:01 DEPOIS FTRIdentifyN
2026-07-12T08:16:01 IDENTIFY INICIO
2026-07-12T08:16:01 Templates recebidos: 1
2026-07-12T08:16:01 IDENTIFY ENGINE INICIO
2026-07-12T08:16:01 ANTES FTREnroll
2026-07-12T08:16:02 DEPOIS FTREnroll
2026-07-12T08:16:02 ANTES FTRIdentifyN
2026-07-12T08:16:02 DEPOIS FTRIdentifyN
2026-07-12T08:16:02 IDENTIFY INICIO
2026-07-12T08:16:02 Templates recebidos: 1
2026-07-12T08:16:02 IDENTIFY ENGINE INICIO
2026-07-12T08:16:02 ANTES FTREnroll
2026-07-12T08:16:03 DEPOIS FTREnroll
2026-07-12T08:16:03 ANTES FTRIdentifyN
2026-07-12T08:16:03 DEPOIS FTRIdentifyN
2026-07-12T08:16:04 IDENTIFY INICIO
2026-07-12T08:16:04 Templates recebidos: 1
2026-07-12T08:16:04 IDENTIFY ENGINE INICIO
2026-07-12T08:16:04 ANTES FTREnroll
2026-07-12T08:17:00 DEPOIS FTREnroll
2026-07-12T08:17:00 ANTES FTRIdentifyN
2026-07-12T08:17:00 DEPOIS FTRIdentifyN
2026-07-12T08:17:01 IDENTIFY INICIO
2026-07-12T08:17:01 Templates recebidos: 1
2026-07-12T08:17:01 IDENTIFY ENGINE INICIO
2026-07-12T08:17:01 ANTES FTREnroll
2026-07-12T08:17:04 DEPOIS FTREnroll
2026-07-12T08:17:04 ANTES FTRIdentifyN
2026-07-12T08:17:04 DEPOIS FTRIdentifyN
2026-07-12T08:17:04 IDENTIFY INICIO
2026-07-12T08:17:04 Templates recebidos: 1
2026-07-12T08:17:04 IDENTIFY ENGINE INICIO
2026-07-12T08:17:04 ANTES FTREnroll
2026-07-12T08:17:05 DEPOIS FTREnroll
2026-07-12T08:17:05 ANTES FTRIdentifyN
2026-07-12T08:17:05 DEPOIS FTRIdentifyN
2026-07-12T08:17:05 IDENTIFY INICIO
2026-07-12T08:17:05 Templates recebidos: 1
2026-07-12T08:17:05 IDENTIFY ENGINE INICIO
2026-07-12T08:17:05 ANTES FTREnroll
2026-07-12T08:17:08 DEPOIS FTREnroll
2026-07-12T08:17:08 ANTES FTRIdentifyN
2026-07-12T08:17:08 DEPOIS FTRIdentifyN
2026-07-12T08:17:08 IDENTIFY INICIO
2026-07-12T08:17:08 Templates recebidos: 1
2026-07-12T08:17:08 IDENTIFY ENGINE INICIO
2026-07-12T08:17:08 ANTES FTREnroll
2026-07-12T08:17:09 DEPOIS FTREnroll
2026-07-12T08:17:09 ANTES FTRIdentifyN
2026-07-12T08:17:09 DEPOIS FTRIdentifyN
2026-07-12T08:17:09 IDENTIFY INICIO
2026-07-12T08:17:09 Templates recebidos: 1
2026-07-12T08:17:09 IDENTIFY ENGINE INICIO
2026-07-12T08:17:09 ANTES FTREnroll
2026-07-12T08:17:12 DEPOIS FTREnroll
2026-07-12T08:17:12 ANTES FTRIdentifyN
2026-07-12T08:17:12 DEPOIS FTRIdentifyN
2026-07-12T08:17:12 IDENTIFY INICIO
2026-07-12T08:17:12 Templates recebidos: 1
2026-07-12T08:17:12 IDENTIFY ENGINE INICIO
2026-07-12T08:17:12 ANTES FTREnroll
2026-07-12T08:19:12 IDENTIFY TIMEOUT
2026-07-12T08:19:14 IDENTIFY INICIO
2026-07-12T08:19:14 Templates recebidos: 1
2026-07-12T08:19:14 IDENTIFY ENGINE INICIO
2026-07-12T08:19:14 ANTES FTREnroll
2026-07-12T08:21:14 IDENTIFY TIMEOUT
2026-07-12T08:21:16 IDENTIFY INICIO
2026-07-12T08:21:16 Templates recebidos: 1
2026-07-12T08:21:16 IDENTIFY ENGINE INICIO
2026-07-12T08:21:16 ANTES FTREnroll
2026-07-12T08:21:36 DEPOIS FTREnroll
2026-07-12T08:21:36 ANTES FTRIdentifyN
2026-07-12T08:21:36 DEPOIS FTRIdentifyN
2026-07-12T08:27:11 IDENTIFY INICIO
2026-07-12T08:27:11 Templates recebidos: 0
2026-07-12T08:27:11 IDENTIFY ENGINE INICIO
2026-07-12T08:28:16 IDENTIFY INICIO
2026-07-12T08:28:16 Templates recebidos: 1
2026-07-12T08:28:16 IDENTIFY ENGINE INICIO
2026-07-12T08:28:16 ANTES FTREnroll
2026-07-12T08:28:36 DEPOIS FTREnroll
2026-07-12T08:28:36 ANTES FTRIdentifyN
2026-07-12T08:28:36 DEPOIS FTRIdentifyN
2026-07-12T08:35:53 IDENTIFY INICIO
2026-07-12T08:35:53 Templates recebidos: 1
2026-07-12T08:35:53 IDENTIFY ENGINE INICIO
2026-07-12T08:35:53 ANTES FTREnroll
2026-07-12T08:36:47 DEPOIS FTREnroll
2026-07-12T08:36:47 ANTES FTRIdentifyN
2026-07-12T08:36:47 DEPOIS FTRIdentifyN
2026-07-12T08:36:48 IDENTIFY INICIO
2026-07-12T08:36:48 Templates recebidos: 1
2026-07-12T08:36:48 IDENTIFY ENGINE INICIO
2026-07-12T08:36:48 ANTES FTREnroll
2026-07-12T08:36:48 DEPOIS FTREnroll
2026-07-12T08:36:48 ANTES FTRIdentifyN
2026-07-12T08:36:48 DEPOIS FTRIdentifyN
2026-07-12T08:36:49 IDENTIFY INICIO
2026-07-12T08:36:49 Templates recebidos: 1
2026-07-12T08:36:49 IDENTIFY ENGINE INICIO
2026-07-12T08:36:49 ANTES FTREnroll
2026-07-12T08:36:50 DEPOIS FTREnroll
2026-07-12T08:36:50 ANTES FTRIdentifyN
2026-07-12T08:36:50 DEPOIS FTRIdentifyN
2026-07-12T08:36:50 IDENTIFY INICIO
2026-07-12T08:36:50 Templates recebidos: 1
2026-07-12T08:36:50 IDENTIFY ENGINE INICIO
2026-07-12T08:36:50 ANTES FTREnroll
2026-07-12T08:38:50 IDENTIFY TIMEOUT
2026-07-12T08:38:55 DEPOIS FTREnroll
2026-07-12T08:38:55 ANTES FTRIdentifyN
2026-07-12T08:38:55 DEPOIS FTRIdentifyN
2026-07-12T09:02:04 ENROLL INICIO
2026-07-12T09:03:28 ENROLL FINALIZADO
2026-07-12T09:39:52 ENROLL INICIO
2026-07-12T09:40:18 ENROLL FINALIZADO
2026-07-12T09:41:13 IDENTIFY INICIO
2026-07-12T09:41:13 Templates recebidos: 1
2026-07-12T09:41:13 IDENTIFY ENGINE INICIO
2026-07-12T09:41:13 ANTES FTREnroll
2026-07-12T09:41:26 DEPOIS FTREnroll
2026-07-12T09:41:26 ANTES FTRIdentifyN
2026-07-12T09:41:26 DEPOIS FTRIdentifyN
2026-07-12T09:41:26 IDENTIFY INICIO
2026-07-12T09:41:26 Templates recebidos: 1
2026-07-12T09:41:26 IDENTIFY ENGINE INICIO
2026-07-12T09:41:26 ANTES FTREnroll
2026-07-12T09:41:29 DEPOIS FTREnroll
2026-07-12T09:41:29 ANTES FTRIdentifyN
2026-07-12T09:41:29 DEPOIS FTRIdentifyN
2026-07-12T09:41:30 IDENTIFY INICIO
2026-07-12T09:41:30 Templates recebidos: 1
2026-07-12T09:41:30 IDENTIFY ENGINE INICIO
2026-07-12T09:41:30 ANTES FTREnroll
2026-07-12T09:41:33 DEPOIS FTREnroll
2026-07-12T09:41:33 ANTES FTRIdentifyN
2026-07-12T09:41:33 DEPOIS FTRIdentifyN
2026-07-12T09:41:33 IDENTIFY INICIO
2026-07-12T09:41:33 Templates recebidos: 1
2026-07-12T09:41:33 IDENTIFY ENGINE INICIO
2026-07-12T09:41:33 ANTES FTREnroll
2026-07-12T09:41:34 DEPOIS FTREnroll
2026-07-12T09:41:34 ANTES FTRIdentifyN
2026-07-12T09:41:34 DEPOIS FTRIdentifyN
2026-07-12T09:41:34 IDENTIFY INICIO
2026-07-12T09:41:34 Templates recebidos: 1
2026-07-12T09:41:34 IDENTIFY ENGINE INICIO
2026-07-12T09:41:34 ANTES FTREnroll
2026-07-12T09:41:35 DEPOIS FTREnroll
2026-07-12T09:41:35 ANTES FTRIdentifyN
2026-07-12T09:41:35 DEPOIS FTRIdentifyN
2026-07-12T09:41:36 IDENTIFY INICIO
2026-07-12T09:41:36 Templates recebidos: 1
2026-07-12T09:41:36 IDENTIFY ENGINE INICIO
2026-07-12T09:41:36 ANTES FTREnroll
2026-07-12T09:41:37 DEPOIS FTREnroll
2026-07-12T09:41:37 ANTES FTRIdentifyN
2026-07-12T09:41:37 DEPOIS FTRIdentifyN
2026-07-12T09:41:38 IDENTIFY INICIO
2026-07-12T09:41:38 Templates recebidos: 1
2026-07-12T09:41:38 IDENTIFY ENGINE INICIO
2026-07-12T09:41:38 ANTES FTREnroll
2026-07-12T09:41:39 DEPOIS FTREnroll
2026-07-12T09:41:39 ANTES FTRIdentifyN
2026-07-12T09:41:39 DEPOIS FTRIdentifyN
2026-07-12T09:41:39 IDENTIFY INICIO
2026-07-12T09:41:39 Templates recebidos: 1
2026-07-12T09:41:39 IDENTIFY ENGINE INICIO
2026-07-12T09:41:39 ANTES FTREnroll
2026-07-12T09:41:40 DEPOIS FTREnroll
2026-07-12T09:41:40 ANTES FTRIdentifyN
2026-07-12T09:41:40 DEPOIS FTRIdentifyN
2026-07-12T09:41:41 IDENTIFY INICIO
2026-07-12T09:41:41 Templates recebidos: 1
2026-07-12T09:41:41 IDENTIFY ENGINE INICIO
2026-07-12T09:41:41 ANTES FTREnroll
2026-07-12T09:41:42 DEPOIS FTREnroll
2026-07-12T09:41:42 ANTES FTRIdentifyN
2026-07-12T09:41:42 DEPOIS FTRIdentifyN
2026-07-12T09:41:42 IDENTIFY INICIO
2026-07-12T09:41:42 Templates recebidos: 1
2026-07-12T09:41:42 IDENTIFY ENGINE INICIO
2026-07-12T09:41:42 ANTES FTREnroll
2026-07-12T09:43:42 IDENTIFY TIMEOUT
2026-07-12T09:43:44 IDENTIFY INICIO
2026-07-12T09:43:44 Templates recebidos: 1
2026-07-12T09:43:44 IDENTIFY ENGINE INICIO
2026-07-12T09:43:44 ANTES FTREnroll
2026-07-12T09:45:44 IDENTIFY TIMEOUT
2026-07-12T09:45:46 IDENTIFY INICIO
2026-07-12T09:45:46 Templates recebidos: 1
2026-07-12T09:45:46 IDENTIFY ENGINE INICIO
2026-07-12T09:45:46 ANTES FTREnroll
2026-07-12T09:46:27 DEPOIS FTREnroll
2026-07-12T09:46:27 ANTES FTRIdentifyN
2026-07-12T09:46:27 DEPOIS FTRIdentifyN
2026-07-12T09:47:46 IDENTIFY TIMEOUT
2026-07-12T09:48:53 ENROLL INICIO
2026-07-12T09:49:16 ENROLL FINALIZADO
2026-07-12T09:49:46 IDENTIFY INICIO
2026-07-12T09:49:46 Templates recebidos: 1
2026-07-12T09:49:46 IDENTIFY ENGINE INICIO
2026-07-12T09:49:46 ANTES FTREnroll
2026-07-12T09:49:57 DEPOIS FTREnroll
2026-07-12T09:49:57 ANTES FTRIdentifyN
2026-07-12T09:49:57 DEPOIS FTRIdentifyN
2026-07-12T09:49:57 IDENTIFY INICIO
2026-07-12T09:49:57 Templates recebidos: 1
2026-07-12T09:49:57 IDENTIFY ENGINE INICIO
2026-07-12T09:49:57 ANTES FTREnroll
2026-07-12T09:50:01 DEPOIS FTREnroll
2026-07-12T09:50:01 ANTES FTRIdentifyN
2026-07-12T09:50:01 DEPOIS FTRIdentifyN
2026-07-12T09:50:02 IDENTIFY INICIO
2026-07-12T09:50:02 Templates recebidos: 1
2026-07-12T09:50:02 IDENTIFY ENGINE INICIO
2026-07-12T09:50:02 ANTES FTREnroll
2026-07-12T09:50:05 DEPOIS FTREnroll
2026-07-12T09:50:05 ANTES FTRIdentifyN
2026-07-12T09:50:05 DEPOIS FTRIdentifyN
2026-07-12T09:50:05 IDENTIFY INICIO
2026-07-12T09:50:05 Templates recebidos: 1
2026-07-12T09:50:05 IDENTIFY ENGINE INICIO
2026-07-12T09:50:05 ANTES FTREnroll
2026-07-12T09:50:08 DEPOIS FTREnroll
2026-07-12T09:50:08 ANTES FTRIdentifyN
2026-07-12T09:50:08 DEPOIS FTRIdentifyN
2026-07-12T09:50:09 IDENTIFY INICIO
2026-07-12T09:50:09 Templates recebidos: 1
2026-07-12T09:50:09 IDENTIFY ENGINE INICIO
2026-07-12T09:50:09 ANTES FTREnroll
2026-07-12T09:50:11 DEPOIS FTREnroll
2026-07-12T09:50:11 ANTES FTRIdentifyN
2026-07-12T09:50:11 DEPOIS FTRIdentifyN
2026-07-12T09:50:11 IDENTIFY INICIO
2026-07-12T09:50:11 Templates recebidos: 1
2026-07-12T09:50:11 IDENTIFY ENGINE INICIO
2026-07-12T09:50:11 ANTES FTREnroll
2026-07-12T09:50:13 DEPOIS FTREnroll
2026-07-12T09:50:13 ANTES FTRIdentifyN
2026-07-12T09:50:13 DEPOIS FTRIdentifyN
2026-07-12T09:50:13 IDENTIFY INICIO
2026-07-12T09:50:13 Templates recebidos: 1
2026-07-12T09:50:13 IDENTIFY ENGINE INICIO
2026-07-12T09:50:13 ANTES FTREnroll
2026-07-12T09:50:14 DEPOIS FTREnroll
2026-07-12T09:50:14 ANTES FTRIdentifyN
2026-07-12T09:50:14 DEPOIS FTRIdentifyN
2026-07-12T09:50:15 IDENTIFY INICIO
2026-07-12T09:50:15 Templates recebidos: 1
2026-07-12T09:50:15 IDENTIFY ENGINE INICIO
2026-07-12T09:50:15 ANTES FTREnroll
2026-07-12T09:50:17 DEPOIS FTREnroll
2026-07-12T09:50:17 ANTES FTRIdentifyN
2026-07-12T09:50:17 DEPOIS FTRIdentifyN
2026-07-12T09:50:17 IDENTIFY INICIO
2026-07-12T09:50:17 Templates recebidos: 1
2026-07-12T09:50:17 IDENTIFY ENGINE INICIO
2026-07-12T09:50:17 ANTES FTREnroll
2026-07-12T09:50:19 DEPOIS FTREnroll
2026-07-12T09:50:19 ANTES FTRIdentifyN
2026-07-12T09:50:19 DEPOIS FTRIdentifyN
2026-07-12T09:50:19 IDENTIFY INICIO
2026-07-12T09:50:19 Templates recebidos: 1
2026-07-12T09:50:19 IDENTIFY ENGINE INICIO
2026-07-12T09:50:19 ANTES FTREnroll
2026-07-12T09:50:20 DEPOIS FTREnroll
2026-07-12T09:50:20 ANTES FTRIdentifyN
2026-07-12T09:50:20 DEPOIS FTRIdentifyN
2026-07-12T09:50:21 IDENTIFY INICIO
2026-07-12T09:50:21 Templates recebidos: 1
2026-07-12T09:50:21 IDENTIFY ENGINE INICIO
2026-07-12T09:50:21 ANTES FTREnroll
2026-07-12T09:52:21 IDENTIFY TIMEOUT
2026-07-12T09:52:22 IDENTIFY INICIO
2026-07-12T09:52:22 Templates recebidos: 1
2026-07-12T09:52:22 IDENTIFY ENGINE INICIO
2026-07-12T09:52:22 ANTES FTREnroll
2026-07-12T09:54:22 IDENTIFY TIMEOUT
2026-07-12T09:54:24 IDENTIFY INICIO
2026-07-12T09:54:24 Templates recebidos: 1
2026-07-12T09:54:24 IDENTIFY ENGINE INICIO
2026-07-12T09:54:24 ANTES FTREnroll
2026-07-12T09:56:24 IDENTIFY TIMEOUT
2026-07-12T09:56:26 IDENTIFY INICIO
2026-07-12T09:56:26 Templates recebidos: 1
2026-07-12T09:56:26 IDENTIFY ENGINE INICIO
2026-07-12T09:56:26 ANTES FTREnroll
2026-07-12T10:01:51 IDENTIFY INICIO
2026-07-12T10:01:52 Templates recebidos: 1
2026-07-12T10:01:52 IDENTIFY ENGINE INICIO
2026-07-12T10:01:52 ANTES FTREnroll
2026-07-12T10:02:23 DEPOIS FTREnroll
2026-07-12T10:02:23 ANTES FTRIdentifyN
2026-07-12T10:02:23 DEPOIS FTRIdentifyN
2026-07-12T10:02:23 MATCH COUNT: 0
2026-07-12T10:02:24 IDENTIFY INICIO
2026-07-12T10:02:24 Templates recebidos: 1
2026-07-12T10:02:24 IDENTIFY ENGINE INICIO
2026-07-12T10:02:24 ANTES FTREnroll
2026-07-12T10:04:24 IDENTIFY TIMEOUT
2026-07-12T10:04:25 IDENTIFY INICIO
2026-07-12T10:04:25 Templates recebidos: 1
2026-07-12T10:04:25 IDENTIFY ENGINE INICIO
2026-07-12T10:04:25 ANTES FTREnroll
2026-07-12T10:06:25 IDENTIFY TIMEOUT
2026-07-12T10:06:27 IDENTIFY INICIO
2026-07-12T10:06:27 Templates recebidos: 1
2026-07-12T10:06:27 IDENTIFY ENGINE INICIO
2026-07-12T10:06:27 ANTES FTREnroll
2026-07-12T10:08:27 IDENTIFY TIMEOUT
2026-07-12T10:08:29 IDENTIFY INICIO
2026-07-12T10:08:29 Templates recebidos: 1
2026-07-12T10:08:29 IDENTIFY ENGINE INICIO
2026-07-12T10:08:29 ANTES FTREnroll
2026-07-12T10:10:17 DEPOIS FTREnroll
2026-07-12T10:10:17 ANTES FTRIdentifyN
2026-07-12T10:10:17 DEPOIS FTRIdentifyN
2026-07-12T10:10:17 MATCH COUNT: 0
2026-07-12T10:10:29 IDENTIFY TIMEOUT
2026-07-12T10:11:37 ENROLL INICIO
2026-07-12T10:11:52 ENROLL FINALIZADO
2026-07-12T10:15:18 IDENTIFY INICIO
2026-07-12T10:15:18 Templates recebidos: 1
2026-07-12T10:15:18 IDENTIFY ENGINE INICIO
2026-07-12T10:15:18 ANTES FTREnroll
2026-07-12T10:18:35 IDENTIFY INICIO
2026-07-12T10:18:35 Templates recebidos: 1
2026-07-12T10:18:35 IDENTIFY ENGINE INICIO
2026-07-12T10:18:35 ANTES FTREnroll
2026-07-12T10:18:43 DEPOIS FTREnroll
2026-07-12T10:18:43 ANTES FTRIdentifyN
2026-07-12T10:18:43 DEPOIS FTRIdentifyN
2026-07-12T10:18:43 MATCH COUNT: 0
2026-07-12T10:18:43 IDENTIFY INICIO
2026-07-12T10:18:43 Templates recebidos: 1
2026-07-12T10:18:43 IDENTIFY ENGINE INICIO
2026-07-12T10:18:43 ANTES FTREnroll
2026-07-12T10:18:47 DEPOIS FTREnroll
2026-07-12T10:18:47 ANTES FTRIdentifyN
2026-07-12T10:18:47 DEPOIS FTRIdentifyN
2026-07-12T10:18:47 MATCH COUNT: 0
2026-07-12T10:18:48 IDENTIFY INICIO
2026-07-12T10:18:48 Templates recebidos: 1
2026-07-12T10:18:48 IDENTIFY ENGINE INICIO
2026-07-12T10:18:48 ANTES FTREnroll
2026-07-12T10:18:50 DEPOIS FTREnroll
2026-07-12T10:18:50 ANTES FTRIdentifyN
2026-07-12T10:18:50 DEPOIS FTRIdentifyN
2026-07-12T10:18:50 MATCH COUNT: 0
2026-07-12T10:18:50 IDENTIFY INICIO
2026-07-12T10:18:50 Templates recebidos: 1
2026-07-12T10:18:50 IDENTIFY ENGINE INICIO
2026-07-12T10:18:50 ANTES FTREnroll
2026-07-12T10:18:51 DEPOIS FTREnroll
2026-07-12T10:18:51 ANTES FTRIdentifyN
2026-07-12T10:18:51 DEPOIS FTRIdentifyN
2026-07-12T10:18:51 MATCH COUNT: 0
2026-07-12T10:18:52 IDENTIFY INICIO
2026-07-12T10:18:52 Templates recebidos: 1
2026-07-12T10:18:52 IDENTIFY ENGINE INICIO
2026-07-12T10:18:52 ANTES FTREnroll
2026-07-12T10:18:52 DEPOIS FTREnroll
2026-07-12T10:18:52 ANTES FTRIdentifyN
2026-07-12T10:18:52 DEPOIS FTRIdentifyN
2026-07-12T10:18:52 MATCH COUNT: 0
2026-07-12T10:18:53 IDENTIFY INICIO
2026-07-12T10:18:53 Templates recebidos: 1
2026-07-12T10:18:53 IDENTIFY ENGINE INICIO
2026-07-12T10:18:53 ANTES FTREnroll
2026-07-12T10:18:53 DEPOIS FTREnroll
2026-07-12T10:18:53 ANTES FTRIdentifyN
2026-07-12T10:18:53 DEPOIS FTRIdentifyN
2026-07-12T10:18:53 MATCH COUNT: 0
2026-07-12T10:18:54 IDENTIFY INICIO
2026-07-12T10:18:54 Templates recebidos: 1
2026-07-12T10:18:54 IDENTIFY ENGINE INICIO
2026-07-12T10:18:54 ANTES FTREnroll
2026-07-12T10:18:55 DEPOIS FTREnroll
2026-07-12T10:18:55 ANTES FTRIdentifyN
2026-07-12T10:18:55 DEPOIS FTRIdentifyN
2026-07-12T10:18:55 MATCH COUNT: 0
2026-07-12T10:18:55 IDENTIFY INICIO
2026-07-12T10:18:55 Templates recebidos: 1
2026-07-12T10:18:55 IDENTIFY ENGINE INICIO
2026-07-12T10:18:55 ANTES FTREnroll
2026-07-12T10:19:14 DEPOIS FTREnroll
2026-07-12T10:19:14 ANTES FTRIdentifyN
2026-07-12T10:19:14 DEPOIS FTRIdentifyN
2026-07-12T10:19:14 MATCH COUNT: 0
2026-07-12T10:24:52 IDENTIFY INICIO
2026-07-12T10:24:52 Templates recebidos: 1
2026-07-12T10:24:52 IDENTIFY ENGINE INICIO
2026-07-12T10:24:52 ANTES FTREnroll
2026-07-12T10:26:52 IDENTIFY TIMEOUT
2026-07-12T10:26:54 IDENTIFY INICIO
2026-07-12T10:26:54 Templates recebidos: 1
2026-07-12T10:26:54 IDENTIFY ENGINE INICIO
2026-07-12T10:26:54 ANTES FTREnroll
2026-07-12T10:28:54 IDENTIFY TIMEOUT
2026-07-12T10:28:56 IDENTIFY INICIO
2026-07-12T10:28:56 Templates recebidos: 1
2026-07-12T10:28:56 IDENTIFY ENGINE INICIO
2026-07-12T10:28:56 ANTES FTREnroll
2026-07-12T10:30:56 IDENTIFY TIMEOUT
2026-07-12T10:30:57 IDENTIFY INICIO
2026-07-12T10:30:57 Templates recebidos: 1
2026-07-12T10:30:57 IDENTIFY ENGINE INICIO
2026-07-12T10:30:57 ANTES FTREnroll
2026-07-12T10:32:57 IDENTIFY TIMEOUT
2026-07-12T10:32:59 IDENTIFY INICIO
2026-07-12T10:32:59 Templates recebidos: 1
2026-07-12T10:32:59 IDENTIFY ENGINE INICIO
2026-07-12T10:32:59 ANTES FTREnroll
2026-07-12T10:34:59 IDENTIFY TIMEOUT
2026-07-12T10:35:00 IDENTIFY INICIO
2026-07-12T10:35:00 Templates recebidos: 1
2026-07-12T10:35:00 IDENTIFY ENGINE INICIO
2026-07-12T10:35:00 ANTES FTREnroll
2026-07-12T10:37:00 IDENTIFY TIMEOUT
2026-07-12T10:37:02 IDENTIFY INICIO
2026-07-12T10:37:02 Templates recebidos: 1
2026-07-12T10:37:02 IDENTIFY ENGINE INICIO
2026-07-12T10:37:02 ANTES FTREnroll
2026-07-12T10:39:02 IDENTIFY TIMEOUT
2026-07-12T10:39:04 IDENTIFY INICIO
2026-07-12T10:39:04 Templates recebidos: 1
2026-07-12T10:39:04 IDENTIFY ENGINE INICIO
2026-07-12T10:39:04 ANTES FTREnroll
2026-07-12T10:41:04 IDENTIFY TIMEOUT
2026-07-12T10:41:05 IDENTIFY INICIO
2026-07-12T10:41:05 Templates recebidos: 1
2026-07-12T10:41:05 IDENTIFY ENGINE INICIO
2026-07-12T10:41:05 ANTES FTREnroll
2026-07-12T10:43:05 IDENTIFY TIMEOUT
2026-07-12T10:43:07 IDENTIFY INICIO
2026-07-12T10:43:07 Templates recebidos: 1
2026-07-12T10:43:07 IDENTIFY ENGINE INICIO
2026-07-12T10:43:07 ANTES FTREnroll
2026-07-12T10:45:07 IDENTIFY TIMEOUT
2026-07-12T10:45:09 IDENTIFY INICIO
2026-07-12T10:45:09 Templates recebidos: 1
2026-07-12T10:45:09 IDENTIFY ENGINE INICIO
2026-07-12T10:45:09 ANTES FTREnroll
2026-07-12T10:47:09 IDENTIFY TIMEOUT
2026-07-12T10:47:10 IDENTIFY INICIO
2026-07-12T10:47:10 Templates recebidos: 1
2026-07-12T10:47:10 IDENTIFY ENGINE INICIO
2026-07-12T10:47:10 ANTES FTREnroll
2026-07-12T10:49:10 IDENTIFY TIMEOUT
2026-07-12T10:49:12 IDENTIFY INICIO
2026-07-12T10:49:12 Templates recebidos: 1
2026-07-12T10:49:12 IDENTIFY ENGINE INICIO
2026-07-12T10:49:12 ANTES FTREnroll
2026-07-12T10:51:12 IDENTIFY TIMEOUT
2026-07-12T10:51:14 IDENTIFY INICIO
2026-07-12T10:51:14 Templates recebidos: 1
2026-07-12T10:51:14 IDENTIFY ENGINE INICIO
2026-07-12T10:51:14 ANTES FTREnroll
2026-07-12T10:53:14 IDENTIFY TIMEOUT
2026-07-12T10:53:15 IDENTIFY INICIO
2026-07-12T10:53:15 Templates recebidos: 1
2026-07-12T10:53:15 IDENTIFY ENGINE INICIO
2026-07-12T10:53:15 ANTES FTREnroll
2026-07-12T10:55:15 IDENTIFY TIMEOUT
2026-07-12T10:55:17 IDENTIFY INICIO
2026-07-12T10:55:17 Templates recebidos: 1
2026-07-12T10:55:17 IDENTIFY ENGINE INICIO
2026-07-12T10:55:17 ANTES FTREnroll
2026-07-12T10:57:17 IDENTIFY TIMEOUT
2026-07-12T10:57:18 IDENTIFY INICIO
2026-07-12T10:57:18 Templates recebidos: 1
2026-07-12T10:57:18 IDENTIFY ENGINE INICIO
2026-07-12T10:57:18 ANTES FTREnroll
2026-07-12T10:59:19 IDENTIFY TIMEOUT
2026-07-12T10:59:20 IDENTIFY INICIO
2026-07-12T10:59:20 Templates recebidos: 1
2026-07-12T10:59:20 IDENTIFY ENGINE INICIO
2026-07-12T10:59:20 ANTES FTREnroll
2026-07-12T11:01:20 IDENTIFY TIMEOUT
2026-07-12T11:01:22 IDENTIFY INICIO
2026-07-12T11:01:22 Templates recebidos: 1
2026-07-12T11:01:22 IDENTIFY ENGINE INICIO
2026-07-12T11:01:22 ANTES FTREnroll
2026-07-12T11:03:22 IDENTIFY TIMEOUT
2026-07-12T11:03:23 IDENTIFY INICIO
2026-07-12T11:03:23 Templates recebidos: 1
2026-07-12T11:03:23 IDENTIFY ENGINE INICIO
2026-07-12T11:03:23 ANTES FTREnroll
2026-07-12T11:05:23 IDENTIFY TIMEOUT
2026-07-12T11:05:25 IDENTIFY INICIO
2026-07-12T11:05:25 Templates recebidos: 1
2026-07-12T11:05:25 IDENTIFY ENGINE INICIO
2026-07-12T11:05:25 ANTES FTREnroll
2026-07-12T11:07:25 IDENTIFY TIMEOUT
2026-07-12T11:07:27 IDENTIFY INICIO
2026-07-12T11:07:27 Templates recebidos: 1
2026-07-12T11:07:27 IDENTIFY ENGINE INICIO
2026-07-12T11:07:27 ANTES FTREnroll
2026-07-12T11:09:27 IDENTIFY TIMEOUT
2026-07-12T11:09:28 IDENTIFY INICIO
2026-07-12T11:09:28 Templates recebidos: 1
2026-07-12T11:09:28 IDENTIFY ENGINE INICIO
2026-07-12T11:09:28 ANTES FTREnroll
2026-07-12T11:11:28 IDENTIFY TIMEOUT
2026-07-12T11:11:30 IDENTIFY INICIO
2026-07-12T11:11:30 Templates recebidos: 1
2026-07-12T11:11:30 IDENTIFY ENGINE INICIO
2026-07-12T11:11:30 ANTES FTREnroll
2026-07-12T11:13:30 IDENTIFY TIMEOUT
2026-07-12T11:13:32 IDENTIFY INICIO
2026-07-12T11:13:32 Templates recebidos: 1
2026-07-12T11:13:32 IDENTIFY ENGINE INICIO
2026-07-12T11:13:32 ANTES FTREnroll
2026-07-12T11:15:32 IDENTIFY TIMEOUT
2026-07-12T11:15:33 IDENTIFY INICIO
2026-07-12T11:15:33 Templates recebidos: 1
2026-07-12T11:15:33 IDENTIFY ENGINE INICIO
2026-07-12T11:15:33 ANTES FTREnroll
2026-07-12T11:17:33 IDENTIFY TIMEOUT
2026-07-12T11:17:35 IDENTIFY INICIO
2026-07-12T11:17:35 Templates recebidos: 1
2026-07-12T11:17:35 IDENTIFY ENGINE INICIO
2026-07-12T11:17:35 ANTES FTREnroll
2026-07-12T11:19:35 IDENTIFY TIMEOUT
2026-07-12T11:19:37 IDENTIFY INICIO
2026-07-12T11:19:37 Templates recebidos: 1
2026-07-12T11:19:37 IDENTIFY ENGINE INICIO
2026-07-12T11:19:37 ANTES FTREnroll
2026-07-12T11:21:37 IDENTIFY TIMEOUT
2026-07-12T11:21:38 IDENTIFY INICIO
2026-07-12T11:21:38 Templates recebidos: 1
2026-07-12T11:21:38 IDENTIFY ENGINE INICIO
2026-07-12T11:21:38 ANTES FTREnroll
2026-07-12T11:23:38 IDENTIFY TIMEOUT
2026-07-12T11:23:40 IDENTIFY INICIO
2026-07-12T11:23:40 Templates recebidos: 1
2026-07-12T11:23:40 IDENTIFY ENGINE INICIO
2026-07-12T11:23:40 ANTES FTREnroll
2026-07-12T11:25:40 IDENTIFY TIMEOUT
2026-07-12T11:25:41 IDENTIFY INICIO
2026-07-12T11:25:41 Templates recebidos: 1
2026-07-12T11:25:41 IDENTIFY ENGINE INICIO
2026-07-12T11:25:41 ANTES FTREnroll
2026-07-12T11:27:41 IDENTIFY TIMEOUT
2026-07-12T11:27:43 IDENTIFY INICIO
2026-07-12T11:27:43 Templates recebidos: 1
2026-07-12T11:27:43 IDENTIFY ENGINE INICIO
2026-07-12T11:27:43 ANTES FTREnroll
2026-07-12T11:29:43 IDENTIFY TIMEOUT
2026-07-12T11:29:45 IDENTIFY INICIO
2026-07-12T11:29:45 Templates recebidos: 1
2026-07-12T11:29:45 IDENTIFY ENGINE INICIO
2026-07-12T11:29:45 ANTES FTREnroll
2026-07-12T11:31:45 IDENTIFY TIMEOUT
2026-07-12T11:31:46 IDENTIFY INICIO
2026-07-12T11:31:46 Templates recebidos: 1
2026-07-12T11:31:46 IDENTIFY ENGINE INICIO
2026-07-12T11:31:46 ANTES FTREnroll
2026-07-12T11:33:46 IDENTIFY TIMEOUT
2026-07-12T11:33:48 IDENTIFY INICIO
2026-07-12T11:33:48 Templates recebidos: 1
2026-07-12T11:33:48 IDENTIFY ENGINE INICIO
2026-07-12T11:33:48 ANTES FTREnroll
2026-07-12T11:35:48 IDENTIFY TIMEOUT
2026-07-12T11:35:50 IDENTIFY INICIO
2026-07-12T11:35:50 Templates recebidos: 1
2026-07-12T11:35:50 IDENTIFY ENGINE INICIO
2026-07-12T11:35:50 ANTES FTREnroll
2026-07-12T11:37:50 IDENTIFY TIMEOUT
2026-07-12T11:37:51 IDENTIFY INICIO
2026-07-12T11:37:51 Templates recebidos: 1
2026-07-12T11:37:51 IDENTIFY ENGINE INICIO
2026-07-12T11:37:51 ANTES FTREnroll
2026-07-12T11:39:51 IDENTIFY TIMEOUT
2026-07-12T11:39:53 IDENTIFY INICIO
2026-07-12T11:39:53 Templates recebidos: 1
2026-07-12T11:39:53 IDENTIFY ENGINE INICIO
2026-07-12T11:39:53 ANTES FTREnroll
2026-07-12T11:41:53 IDENTIFY TIMEOUT
2026-07-12T11:41:55 IDENTIFY INICIO
2026-07-12T11:41:55 Templates recebidos: 1
2026-07-12T11:41:55 IDENTIFY ENGINE INICIO
2026-07-12T11:41:55 ANTES FTREnroll
2026-07-12T11:43:55 IDENTIFY TIMEOUT
2026-07-12T11:43:56 IDENTIFY INICIO
2026-07-12T11:43:56 Templates recebidos: 1
2026-07-12T11:43:56 IDENTIFY ENGINE INICIO
2026-07-12T11:43:56 ANTES FTREnroll
2026-07-12T11:45:56 IDENTIFY TIMEOUT
2026-07-12T11:45:58 IDENTIFY INICIO
2026-07-12T11:45:58 Templates recebidos: 1
2026-07-12T11:45:58 IDENTIFY ENGINE INICIO
2026-07-12T11:45:58 ANTES FTREnroll
2026-07-12T11:47:58 IDENTIFY TIMEOUT
2026-07-12T11:48:00 IDENTIFY INICIO
2026-07-12T11:48:00 Templates recebidos: 1
2026-07-12T11:48:00 IDENTIFY ENGINE INICIO
2026-07-12T11:48:00 ANTES FTREnroll
2026-07-12T11:50:00 IDENTIFY TIMEOUT
2026-07-12T11:50:01 IDENTIFY INICIO
2026-07-12T11:50:01 Templates recebidos: 1
2026-07-12T11:50:01 IDENTIFY ENGINE INICIO
2026-07-12T11:50:01 ANTES FTREnroll
2026-07-12T11:52:01 IDENTIFY TIMEOUT
2026-07-12T11:52:03 IDENTIFY INICIO
2026-07-12T11:52:03 Templates recebidos: 1
2026-07-12T11:52:03 IDENTIFY ENGINE INICIO
2026-07-12T11:52:03 ANTES FTREnroll
2026-07-12T11:54:03 IDENTIFY TIMEOUT
2026-07-12T11:54:04 IDENTIFY INICIO
2026-07-12T11:54:04 Templates recebidos: 1
2026-07-12T11:54:04 IDENTIFY ENGINE INICIO
2026-07-12T11:54:04 ANTES FTREnroll
2026-07-12T11:56:04 IDENTIFY TIMEOUT
2026-07-12T11:56:06 IDENTIFY INICIO
2026-07-12T11:56:06 Templates recebidos: 1
2026-07-12T11:56:06 IDENTIFY ENGINE INICIO
2026-07-12T11:56:06 ANTES FTREnroll
2026-07-12T11:58:06 IDENTIFY TIMEOUT
2026-07-12T11:58:08 IDENTIFY INICIO
2026-07-12T11:58:08 Templates recebidos: 1
2026-07-12T11:58:08 IDENTIFY ENGINE INICIO
2026-07-12T11:58:08 ANTES FTREnroll
2026-07-12T12:00:08 IDENTIFY TIMEOUT
2026-07-12T12:00:09 IDENTIFY INICIO
2026-07-12T12:00:09 Templates recebidos: 1
2026-07-12T12:00:09 IDENTIFY ENGINE INICIO
2026-07-12T12:00:09 ANTES FTREnroll
2026-07-12T12:02:09 IDENTIFY TIMEOUT
2026-07-12T12:02:11 IDENTIFY INICIO
2026-07-12T12:02:11 Templates recebidos: 1
2026-07-12T12:02:11 IDENTIFY ENGINE INICIO
2026-07-12T12:02:11 ANTES FTREnroll
2026-07-12T12:04:11 IDENTIFY TIMEOUT
2026-07-12T12:04:13 IDENTIFY INICIO
2026-07-12T12:04:13 Templates recebidos: 1
2026-07-12T12:04:13 IDENTIFY ENGINE INICIO
2026-07-12T12:04:13 ANTES FTREnroll
2026-07-12T12:06:13 IDENTIFY TIMEOUT
2026-07-12T12:06:14 IDENTIFY INICIO
2026-07-12T12:06:14 Templates recebidos: 1
2026-07-12T12:06:14 IDENTIFY ENGINE INICIO
2026-07-12T12:06:14 ANTES FTREnroll
2026-07-12T12:08:14 IDENTIFY TIMEOUT
2026-07-12T12:08:16 IDENTIFY INICIO
2026-07-12T12:08:16 Templates recebidos: 1
2026-07-12T12:08:16 IDENTIFY ENGINE INICIO
2026-07-12T12:08:16 ANTES FTREnroll
2026-07-12T12:10:16 IDENTIFY TIMEOUT
2026-07-12T12:10:18 IDENTIFY INICIO
2026-07-12T12:10:18 Templates recebidos: 1
2026-07-12T12:10:18 IDENTIFY ENGINE INICIO
2026-07-12T12:10:18 ANTES FTREnroll
2026-07-12T12:12:18 IDENTIFY TIMEOUT
2026-07-12T12:12:19 IDENTIFY INICIO
2026-07-12T12:12:19 Templates recebidos: 1
2026-07-12T12:12:19 IDENTIFY ENGINE INICIO
2026-07-12T12:12:19 ANTES FTREnroll
2026-07-12T12:14:19 IDENTIFY TIMEOUT
2026-07-12T12:14:21 IDENTIFY INICIO
2026-07-12T12:14:21 Templates recebidos: 1
2026-07-12T12:14:21 IDENTIFY ENGINE INICIO
2026-07-12T12:14:21 ANTES FTREnroll
2026-07-12T12:16:21 IDENTIFY TIMEOUT
2026-07-12T12:16:23 IDENTIFY INICIO
2026-07-12T12:16:23 Templates recebidos: 1
2026-07-12T12:16:23 IDENTIFY ENGINE INICIO
2026-07-12T12:16:23 ANTES FTREnroll
2026-07-12T12:18:23 IDENTIFY TIMEOUT
2026-07-12T12:18:24 IDENTIFY INICIO
2026-07-12T12:18:24 Templates recebidos: 1
2026-07-12T12:18:24 IDENTIFY ENGINE INICIO
2026-07-12T12:18:24 ANTES FTREnroll
2026-07-12T12:20:24 IDENTIFY TIMEOUT
2026-07-12T12:20:26 IDENTIFY INICIO
2026-07-12T12:20:26 Templates recebidos: 1
2026-07-12T12:20:26 IDENTIFY ENGINE INICIO
2026-07-12T12:20:26 ANTES FTREnroll
2026-07-12T12:22:26 IDENTIFY TIMEOUT
2026-07-12T12:22:28 IDENTIFY INICIO
2026-07-12T12:22:28 Templates recebidos: 1
2026-07-12T12:22:28 IDENTIFY ENGINE INICIO
2026-07-12T12:22:28 ANTES FTREnroll
2026-07-12T12:24:28 IDENTIFY TIMEOUT
2026-07-12T12:24:29 IDENTIFY INICIO
2026-07-12T12:24:29 Templates recebidos: 1
2026-07-12T12:24:29 IDENTIFY ENGINE INICIO
2026-07-12T12:24:29 ANTES FTREnroll
2026-07-12T12:26:29 IDENTIFY TIMEOUT
2026-07-12T12:26:31 IDENTIFY INICIO
2026-07-12T12:26:31 Templates recebidos: 1
2026-07-12T12:26:31 IDENTIFY ENGINE INICIO
2026-07-12T12:26:31 ANTES FTREnroll
2026-07-12T12:28:31 IDENTIFY TIMEOUT
2026-07-12T12:28:32 IDENTIFY INICIO
2026-07-12T12:28:32 Templates recebidos: 1
2026-07-12T12:28:32 IDENTIFY ENGINE INICIO
2026-07-12T12:28:32 ANTES FTREnroll
2026-07-12T12:30:32 IDENTIFY TIMEOUT
2026-07-12T12:30:34 IDENTIFY INICIO
2026-07-12T12:30:34 Templates recebidos: 1
2026-07-12T12:30:34 IDENTIFY ENGINE INICIO
2026-07-12T12:30:34 ANTES FTREnroll
2026-07-12T12:32:34 IDENTIFY TIMEOUT
2026-07-12T12:32:36 IDENTIFY INICIO
2026-07-12T12:32:36 Templates recebidos: 1
2026-07-12T12:32:36 IDENTIFY ENGINE INICIO
2026-07-12T12:32:36 ANTES FTREnroll
2026-07-12T12:34:36 IDENTIFY TIMEOUT
2026-07-12T12:34:37 IDENTIFY INICIO
2026-07-12T12:34:37 Templates recebidos: 1
2026-07-12T12:34:37 IDENTIFY ENGINE INICIO
2026-07-12T12:34:37 ANTES FTREnroll
2026-07-12T12:36:37 IDENTIFY TIMEOUT
2026-07-12T12:36:39 IDENTIFY INICIO
2026-07-12T12:36:39 Templates recebidos: 1
2026-07-12T12:36:39 IDENTIFY ENGINE INICIO
2026-07-12T12:36:39 ANTES FTREnroll
2026-07-12T12:38:39 IDENTIFY TIMEOUT
2026-07-12T12:38:41 IDENTIFY INICIO
2026-07-12T12:38:41 Templates recebidos: 1
2026-07-12T12:38:41 IDENTIFY ENGINE INICIO
2026-07-12T12:38:41 ANTES FTREnroll
2026-07-12T12:40:41 IDENTIFY TIMEOUT
2026-07-12T12:40:42 IDENTIFY INICIO
2026-07-12T12:40:42 Templates recebidos: 1
2026-07-12T12:40:42 IDENTIFY ENGINE INICIO
2026-07-12T12:40:42 ANTES FTREnroll
2026-07-12T12:42:42 IDENTIFY TIMEOUT
2026-07-12T12:42:44 IDENTIFY INICIO
2026-07-12T12:42:44 Templates recebidos: 1
2026-07-12T12:42:44 IDENTIFY ENGINE INICIO
2026-07-12T12:42:44 ANTES FTREnroll
2026-07-12T12:44:44 IDENTIFY TIMEOUT
2026-07-12T12:44:45 IDENTIFY INICIO
2026-07-12T12:44:45 Templates recebidos: 1
2026-07-12T12:44:45 IDENTIFY ENGINE INICIO
2026-07-12T12:44:45 ANTES FTREnroll
2026-07-12T12:46:45 IDENTIFY TIMEOUT
2026-07-12T12:46:47 IDENTIFY INICIO
2026-07-12T12:46:47 Templates recebidos: 1
2026-07-12T12:46:47 IDENTIFY ENGINE INICIO
2026-07-12T12:46:47 ANTES FTREnroll
2026-07-12T12:48:47 IDENTIFY TIMEOUT
2026-07-12T12:48:49 IDENTIFY INICIO
2026-07-12T12:48:49 Templates recebidos: 1
2026-07-12T12:48:49 IDENTIFY ENGINE INICIO
2026-07-12T12:48:49 ANTES FTREnroll
2026-07-12T12:50:49 IDENTIFY TIMEOUT
2026-07-12T12:50:50 IDENTIFY INICIO
2026-07-12T12:50:50 Templates recebidos: 1
2026-07-12T12:50:50 IDENTIFY ENGINE INICIO
2026-07-12T12:50:50 ANTES FTREnroll
2026-07-12T12:52:50 IDENTIFY TIMEOUT
2026-07-12T12:52:52 IDENTIFY INICIO
2026-07-12T12:52:52 Templates recebidos: 1
2026-07-12T12:52:52 IDENTIFY ENGINE INICIO
2026-07-12T12:52:52 ANTES FTREnroll
2026-07-12T12:54:52 IDENTIFY TIMEOUT
2026-07-12T12:54:54 IDENTIFY INICIO
2026-07-12T12:54:54 Templates recebidos: 1
2026-07-12T12:54:54 IDENTIFY ENGINE INICIO
2026-07-12T12:54:54 ANTES FTREnroll
2026-07-12T12:56:54 IDENTIFY TIMEOUT
2026-07-12T12:56:55 IDENTIFY INICIO
2026-07-12T12:56:55 Templates recebidos: 1
2026-07-12T12:56:55 IDENTIFY ENGINE INICIO
2026-07-12T12:56:55 ANTES FTREnroll
2026-07-12T12:58:55 IDENTIFY TIMEOUT
2026-07-12T12:58:57 IDENTIFY INICIO
2026-07-12T12:58:57 Templates recebidos: 1
2026-07-12T12:58:57 IDENTIFY ENGINE INICIO
2026-07-12T12:58:57 ANTES FTREnroll
2026-07-12T13:00:57 IDENTIFY TIMEOUT
2026-07-12T13:00:59 IDENTIFY INICIO
2026-07-12T13:00:59 Templates recebidos: 1
2026-07-12T13:00:59 IDENTIFY ENGINE INICIO
2026-07-12T13:00:59 ANTES FTREnroll
2026-07-12T13:02:59 IDENTIFY TIMEOUT
2026-07-12T13:03:00 IDENTIFY INICIO
2026-07-12T13:03:00 Templates recebidos: 1
2026-07-12T13:03:00 IDENTIFY ENGINE INICIO
2026-07-12T13:03:00 ANTES FTREnroll
2026-07-12T13:05:00 IDENTIFY TIMEOUT
2026-07-12T13:05:02 IDENTIFY INICIO
2026-07-12T13:05:02 Templates recebidos: 1
2026-07-12T13:05:02 IDENTIFY ENGINE INICIO
2026-07-12T13:05:02 ANTES FTREnroll
2026-07-12T13:07:02 IDENTIFY TIMEOUT
2026-07-12T13:07:03 IDENTIFY INICIO
2026-07-12T13:07:03 Templates recebidos: 1
2026-07-12T13:07:03 IDENTIFY ENGINE INICIO
2026-07-12T13:07:03 ANTES FTREnroll
2026-07-12T13:09:03 IDENTIFY TIMEOUT
2026-07-12T13:09:05 IDENTIFY INICIO
2026-07-12T13:09:05 Templates recebidos: 1
2026-07-12T13:09:05 IDENTIFY ENGINE INICIO
2026-07-12T13:09:05 ANTES FTREnroll
2026-07-12T13:11:05 IDENTIFY TIMEOUT
2026-07-12T13:11:07 IDENTIFY INICIO
2026-07-12T13:11:07 Templates recebidos: 1
2026-07-12T13:11:07 IDENTIFY ENGINE INICIO
2026-07-12T13:11:07 ANTES FTREnroll
2026-07-12T13:13:07 IDENTIFY TIMEOUT
2026-07-12T13:13:08 IDENTIFY INICIO
2026-07-12T13:13:08 Templates recebidos: 1
2026-07-12T13:13:08 IDENTIFY ENGINE INICIO
2026-07-12T13:13:08 ANTES FTREnroll
2026-07-12T13:15:08 IDENTIFY TIMEOUT
2026-07-12T13:15:10 IDENTIFY INICIO
2026-07-12T13:15:10 Templates recebidos: 1
2026-07-12T13:15:10 IDENTIFY ENGINE INICIO
2026-07-12T13:15:10 ANTES FTREnroll
2026-07-12T13:17:10 IDENTIFY TIMEOUT
2026-07-12T13:17:12 IDENTIFY INICIO
2026-07-12T13:17:12 Templates recebidos: 1
2026-07-12T13:17:13 IDENTIFY ENGINE INICIO
2026-07-12T13:17:13 ANTES FTREnroll
2026-07-12T13:19:12 IDENTIFY TIMEOUT
2026-07-12T13:19:13 IDENTIFY INICIO
2026-07-12T13:19:13 Templates recebidos: 1
2026-07-12T13:19:13 IDENTIFY ENGINE INICIO
2026-07-12T13:19:13 ANTES FTREnroll
2026-07-12T13:21:13 IDENTIFY TIMEOUT
2026-07-12T13:21:15 IDENTIFY INICIO
2026-07-12T13:21:15 Templates recebidos: 1
2026-07-12T13:21:15 IDENTIFY ENGINE INICIO
2026-07-12T13:21:15 ANTES FTREnroll
2026-07-12T13:23:15 IDENTIFY TIMEOUT
2026-07-12T13:23:17 IDENTIFY INICIO
2026-07-12T13:23:17 Templates recebidos: 1
2026-07-12T13:23:17 IDENTIFY ENGINE INICIO
2026-07-12T13:23:17 ANTES FTREnroll
2026-07-12T13:25:17 IDENTIFY TIMEOUT
2026-07-12T13:25:18 IDENTIFY INICIO
2026-07-12T13:25:18 Templates recebidos: 1
2026-07-12T13:25:18 IDENTIFY ENGINE INICIO
2026-07-12T13:25:18 ANTES FTREnroll
2026-07-12T13:27:18 IDENTIFY TIMEOUT
2026-07-12T13:27:20 IDENTIFY INICIO
2026-07-12T13:27:20 Templates recebidos: 1
2026-07-12T13:27:20 IDENTIFY ENGINE INICIO
2026-07-12T13:27:20 ANTES FTREnroll
2026-07-12T13:29:20 IDENTIFY TIMEOUT
2026-07-12T13:29:21 IDENTIFY INICIO
2026-07-12T13:29:21 Templates recebidos: 1
2026-07-12T13:29:21 IDENTIFY ENGINE INICIO
2026-07-12T13:29:21 ANTES FTREnroll
2026-07-12T13:31:21 IDENTIFY TIMEOUT
2026-07-12T13:31:52 IDENTIFY INICIO
2026-07-12T13:31:52 Templates recebidos: 1
2026-07-12T13:31:52 IDENTIFY ENGINE INICIO
2026-07-12T13:31:52 ANTES FTREnroll
2026-07-12T13:33:52 IDENTIFY TIMEOUT
2026-07-12T13:33:54 IDENTIFY INICIO
2026-07-12T13:33:54 Templates recebidos: 1
2026-07-12T13:33:54 IDENTIFY ENGINE INICIO
2026-07-12T13:33:54 ANTES FTREnroll
2026-07-12T13:35:54 IDENTIFY TIMEOUT
2026-07-12T13:35:55 IDENTIFY INICIO
2026-07-12T13:35:55 Templates recebidos: 1
2026-07-12T13:35:55 IDENTIFY ENGINE INICIO
2026-07-12T13:35:55 ANTES FTREnroll
2026-07-12T13:37:55 IDENTIFY TIMEOUT
2026-07-12T13:37:57 IDENTIFY INICIO
2026-07-12T13:37:57 Templates recebidos: 1
2026-07-12T13:37:57 IDENTIFY ENGINE INICIO
2026-07-12T13:37:57 ANTES FTREnroll
2026-07-12T13:39:57 IDENTIFY TIMEOUT
2026-07-12T13:39:59 IDENTIFY INICIO
2026-07-12T13:39:59 Templates recebidos: 1
2026-07-12T13:39:59 IDENTIFY ENGINE INICIO
2026-07-12T13:39:59 ANTES FTREnroll
2026-07-12T13:41:59 IDENTIFY TIMEOUT
2026-07-12T13:42:01 IDENTIFY INICIO
2026-07-12T13:42:01 Templates recebidos: 1
2026-07-12T13:42:01 IDENTIFY ENGINE INICIO
2026-07-12T13:42:01 ANTES FTREnroll
2026-07-12T13:44:01 IDENTIFY TIMEOUT
2026-07-12T13:44:03 IDENTIFY INICIO
2026-07-12T13:44:03 Templates recebidos: 1
2026-07-12T13:44:03 IDENTIFY ENGINE INICIO
2026-07-12T13:44:03 ANTES FTREnroll
2026-07-12T13:46:03 IDENTIFY TIMEOUT
2026-07-12T13:46:05 IDENTIFY INICIO
2026-07-12T13:46:05 Templates recebidos: 1
2026-07-12T13:46:05 IDENTIFY ENGINE INICIO
2026-07-12T13:46:05 ANTES FTREnroll
2026-07-12T13:48:05 IDENTIFY TIMEOUT
2026-07-12T13:48:06 IDENTIFY INICIO
2026-07-12T13:48:06 Templates recebidos: 1
2026-07-12T13:48:06 IDENTIFY ENGINE INICIO
2026-07-12T13:48:06 ANTES FTREnroll
2026-07-12T13:50:06 IDENTIFY TIMEOUT
2026-07-12T13:50:08 IDENTIFY INICIO
2026-07-12T13:50:08 Templates recebidos: 1
2026-07-12T13:50:08 IDENTIFY ENGINE INICIO
2026-07-12T13:50:09 ANTES FTREnroll
2026-07-12T13:52:09 IDENTIFY TIMEOUT
2026-07-12T13:52:11 IDENTIFY INICIO
2026-07-12T13:52:11 Templates recebidos: 1
2026-07-12T13:52:11 IDENTIFY ENGINE INICIO
2026-07-12T13:52:11 ANTES FTREnroll
2026-07-12T13:54:11 IDENTIFY TIMEOUT
2026-07-12T13:54:13 IDENTIFY INICIO
2026-07-12T13:54:13 Templates recebidos: 1
2026-07-12T13:54:13 IDENTIFY ENGINE INICIO
2026-07-12T13:54:13 ANTES FTREnroll
2026-07-12T13:56:13 IDENTIFY TIMEOUT
2026-07-12T13:56:15 IDENTIFY INICIO
2026-07-12T13:56:15 Templates recebidos: 1
2026-07-12T13:56:15 IDENTIFY ENGINE INICIO
2026-07-12T13:56:15 ANTES FTREnroll
2026-07-12T13:58:15 IDENTIFY TIMEOUT
2026-07-12T13:58:17 IDENTIFY INICIO
2026-07-12T13:58:17 Templates recebidos: 1
2026-07-12T13:58:17 IDENTIFY ENGINE INICIO
2026-07-12T13:58:17 ANTES FTREnroll
2026-07-12T14:00:17 IDENTIFY TIMEOUT
2026-07-12T14:00:18 IDENTIFY INICIO
2026-07-12T14:00:18 Templates recebidos: 1
2026-07-12T14:00:18 IDENTIFY ENGINE INICIO
2026-07-12T14:00:18 ANTES FTREnroll
2026-07-12T14:02:18 IDENTIFY TIMEOUT
2026-07-12T14:02:20 IDENTIFY INICIO
2026-07-12T14:02:20 Templates recebidos: 1
2026-07-12T14:02:20 IDENTIFY ENGINE INICIO
2026-07-12T14:02:20 ANTES FTREnroll
2026-07-12T14:04:20 IDENTIFY TIMEOUT
2026-07-12T14:04:22 IDENTIFY INICIO
2026-07-12T14:04:22 Templates recebidos: 1
2026-07-12T14:04:22 IDENTIFY ENGINE INICIO
2026-07-12T14:04:22 ANTES FTREnroll
2026-07-12T14:06:22 IDENTIFY TIMEOUT
2026-07-12T14:06:23 IDENTIFY INICIO
2026-07-12T14:06:23 Templates recebidos: 1
2026-07-12T14:06:23 IDENTIFY ENGINE INICIO
2026-07-12T14:06:23 ANTES FTREnroll
2026-07-12T14:08:23 IDENTIFY TIMEOUT
2026-07-12T14:08:25 IDENTIFY INICIO
2026-07-12T14:08:25 Templates recebidos: 1
2026-07-12T14:08:25 IDENTIFY ENGINE INICIO
2026-07-12T14:08:25 ANTES FTREnroll
2026-07-12T14:10:25 IDENTIFY TIMEOUT
2026-07-12T14:10:27 IDENTIFY INICIO
2026-07-12T14:10:27 Templates recebidos: 1
2026-07-12T14:10:27 IDENTIFY ENGINE INICIO
2026-07-12T14:10:27 ANTES FTREnroll
2026-07-12T14:12:27 IDENTIFY TIMEOUT
2026-07-12T14:12:30 IDENTIFY INICIO
2026-07-12T14:12:30 Templates recebidos: 1
2026-07-12T14:12:30 IDENTIFY ENGINE INICIO
2026-07-12T14:12:30 ANTES FTREnroll
2026-07-12T14:14:30 IDENTIFY TIMEOUT
2026-07-12T14:14:31 IDENTIFY INICIO
2026-07-12T14:14:31 Templates recebidos: 1
2026-07-12T14:14:31 IDENTIFY ENGINE INICIO
2026-07-12T14:14:31 ANTES FTREnroll
2026-07-12T14:16:32 IDENTIFY TIMEOUT
2026-07-12T14:16:34 IDENTIFY INICIO
2026-07-12T14:16:34 Templates recebidos: 1
2026-07-12T14:16:34 IDENTIFY ENGINE INICIO
2026-07-12T14:16:34 ANTES FTREnroll
2026-07-12T14:18:34 IDENTIFY TIMEOUT
2026-07-12T14:18:35 IDENTIFY INICIO
2026-07-12T14:18:35 Templates recebidos: 1
2026-07-12T14:18:35 IDENTIFY ENGINE INICIO
2026-07-12T14:18:35 ANTES FTREnroll
2026-07-12T14:20:35 IDENTIFY TIMEOUT
2026-07-12T14:20:40 IDENTIFY INICIO
2026-07-12T14:20:40 Templates recebidos: 1
2026-07-12T14:20:40 IDENTIFY ENGINE INICIO
2026-07-12T14:20:40 ANTES FTREnroll
2026-07-12T14:22:40 IDENTIFY TIMEOUT
2026-07-12T14:22:42 IDENTIFY INICIO
2026-07-12T14:22:42 Templates recebidos: 1
2026-07-12T14:22:42 IDENTIFY ENGINE INICIO
2026-07-12T14:22:42 ANTES FTREnroll
2026-07-12T14:24:42 IDENTIFY TIMEOUT
2026-07-12T14:24:44 IDENTIFY INICIO
2026-07-12T14:24:44 Templates recebidos: 1
2026-07-12T14:24:44 IDENTIFY ENGINE INICIO
2026-07-12T14:24:44 ANTES FTREnroll
2026-07-12T14:26:44 IDENTIFY TIMEOUT
2026-07-12T14:26:48 IDENTIFY INICIO
2026-07-12T14:26:48 Templates recebidos: 1
2026-07-12T14:26:48 IDENTIFY ENGINE INICIO
2026-07-12T14:26:48 ANTES FTREnroll
2026-07-12T14:28:48 IDENTIFY TIMEOUT
2026-07-12T14:28:49 IDENTIFY INICIO
2026-07-12T14:28:49 Templates recebidos: 1
2026-07-12T14:28:49 IDENTIFY ENGINE INICIO
2026-07-12T14:28:49 ANTES FTREnroll
2026-07-12T14:30:50 IDENTIFY TIMEOUT
2026-07-12T14:30:52 IDENTIFY INICIO
2026-07-12T14:30:52 Templates recebidos: 1
2026-07-12T14:30:52 IDENTIFY ENGINE INICIO
2026-07-12T14:30:52 ANTES FTREnroll
2026-07-12T14:32:52 IDENTIFY TIMEOUT
2026-07-12T14:32:54 IDENTIFY INICIO
2026-07-12T14:32:54 Templates recebidos: 1
2026-07-12T14:32:54 IDENTIFY ENGINE INICIO
2026-07-12T14:32:54 ANTES FTREnroll
2026-07-12T14:34:54 IDENTIFY TIMEOUT
2026-07-12T14:34:56 IDENTIFY INICIO
2026-07-12T14:34:56 Templates recebidos: 1
2026-07-12T14:34:56 IDENTIFY ENGINE INICIO
2026-07-12T14:34:56 ANTES FTREnroll
2026-07-12T14:36:05 IDENTIFY INICIO
2026-07-12T14:36:05 Templates recebidos: 1
2026-07-12T14:36:06 IDENTIFY ENGINE INICIO
2026-07-12T14:36:06 ANTES FTREnroll
2026-07-12T14:36:56 IDENTIFY TIMEOUT
2026-07-12T14:36:58 IDENTIFY INICIO
2026-07-12T14:36:58 Templates recebidos: 1
2026-07-12T14:36:58 IDENTIFY ENGINE INICIO
2026-07-12T14:36:58 ANTES FTREnroll
2026-07-12T14:38:05 IDENTIFY TIMEOUT
2026-07-12T14:38:07 IDENTIFY INICIO
2026-07-12T14:38:07 Templates recebidos: 1
2026-07-12T14:38:07 IDENTIFY ENGINE INICIO
2026-07-12T14:38:07 ANTES FTREnroll
2026-07-12T14:38:58 IDENTIFY TIMEOUT
2026-07-12T14:39:00 IDENTIFY INICIO
2026-07-12T14:39:00 Templates recebidos: 1
2026-07-12T14:39:00 IDENTIFY ENGINE INICIO
2026-07-12T14:39:00 ANTES FTREnroll
2026-07-12T14:47:46 IDENTIFY INICIO
2026-07-12T14:47:46 Templates recebidos: 1
2026-07-12T14:47:46 IDENTIFY ENGINE INICIO
2026-07-12T14:47:46 ANTES FTREnroll
2026-07-12T14:49:46 IDENTIFY TIMEOUT
2026-07-12T14:49:48 IDENTIFY INICIO
2026-07-12T14:49:48 Templates recebidos: 1
2026-07-12T14:49:48 IDENTIFY ENGINE INICIO
2026-07-12T14:49:48 ANTES FTREnroll
2026-07-12T14:51:48 IDENTIFY TIMEOUT
2026-07-12T14:51:50 IDENTIFY INICIO
2026-07-12T14:51:50 Templates recebidos: 1
2026-07-12T14:51:50 IDENTIFY ENGINE INICIO
2026-07-12T14:51:50 ANTES FTREnroll
2026-07-12T14:52:43 IDENTIFY INICIO
2026-07-12T14:52:43 Templates recebidos: 0
2026-07-12T14:52:43 IDENTIFY ENGINE INICIO
2026-07-12T14:53:50 IDENTIFY TIMEOUT
2026-07-12T14:53:52 IDENTIFY INICIO
2026-07-12T14:53:52 Templates recebidos: 1
2026-07-12T14:53:52 IDENTIFY ENGINE INICIO
2026-07-12T14:53:52 ANTES FTREnroll
2026-07-12T14:55:52 IDENTIFY TIMEOUT
2026-07-12T14:55:53 IDENTIFY INICIO
2026-07-12T14:55:53 Templates recebidos: 1
2026-07-12T14:55:53 IDENTIFY ENGINE INICIO
2026-07-12T14:55:53 ANTES FTREnroll
2026-07-12T14:57:13 IDENTIFY INICIO
2026-07-12T14:57:13 Templates recebidos: 1
2026-07-12T14:57:13 IDENTIFY ENGINE INICIO
2026-07-12T14:57:13 ANTES FTREnroll
2026-07-12T14:57:53 IDENTIFY TIMEOUT
2026-07-12T14:57:55 IDENTIFY INICIO
2026-07-12T14:57:55 Templates recebidos: 1
2026-07-12T14:57:55 IDENTIFY ENGINE INICIO
2026-07-12T14:57:55 ANTES FTREnroll
2026-07-12T14:59:13 IDENTIFY TIMEOUT
2026-07-12T14:59:55 IDENTIFY TIMEOUT
2026-07-12T14:59:57 IDENTIFY INICIO
2026-07-12T14:59:57 Templates recebidos: 1
2026-07-12T14:59:57 IDENTIFY ENGINE INICIO
2026-07-12T14:59:57 ANTES FTREnroll
2026-07-12T15:01:57 IDENTIFY TIMEOUT
2026-07-12T15:01:58 IDENTIFY INICIO
2026-07-12T15:01:58 Templates recebidos: 1
2026-07-12T15:01:58 IDENTIFY ENGINE INICIO
2026-07-12T15:01:58 ANTES FTREnroll
2026-07-12T15:03:58 IDENTIFY TIMEOUT
2026-07-12T15:04:00 IDENTIFY INICIO
2026-07-12T15:04:00 Templates recebidos: 1
2026-07-12T15:04:00 IDENTIFY ENGINE INICIO
2026-07-12T15:04:00 ANTES FTREnroll
2026-07-12T15:06:00 IDENTIFY TIMEOUT
2026-07-12T15:06:02 IDENTIFY INICIO
2026-07-12T15:06:02 Templates recebidos: 1
2026-07-12T15:06:02 IDENTIFY ENGINE INICIO
2026-07-12T15:06:02 ANTES FTREnroll
2026-07-12T15:08:02 IDENTIFY TIMEOUT
2026-07-12T15:08:03 IDENTIFY INICIO
2026-07-12T15:08:03 Templates recebidos: 1
2026-07-12T15:08:03 IDENTIFY ENGINE INICIO
2026-07-12T15:08:03 ANTES FTREnroll
2026-07-12T15:10:03 IDENTIFY TIMEOUT
2026-07-12T15:10:05 IDENTIFY INICIO
2026-07-12T15:10:05 Templates recebidos: 1
2026-07-12T15:10:05 IDENTIFY ENGINE INICIO
2026-07-12T15:10:05 ANTES FTREnroll
2026-07-12T15:12:05 IDENTIFY TIMEOUT
2026-07-12T15:12:06 IDENTIFY INICIO
2026-07-12T15:12:06 Templates recebidos: 1
2026-07-12T15:12:06 IDENTIFY ENGINE INICIO
2026-07-12T15:12:06 ANTES FTREnroll
2026-07-12T15:14:06 IDENTIFY TIMEOUT
2026-07-12T15:14:08 IDENTIFY INICIO
2026-07-12T15:14:08 Templates recebidos: 1
2026-07-12T15:14:08 IDENTIFY ENGINE INICIO
2026-07-12T15:14:08 ANTES FTREnroll
2026-07-12T15:16:08 IDENTIFY TIMEOUT
2026-07-12T15:16:10 IDENTIFY INICIO
2026-07-12T15:16:10 Templates recebidos: 1
2026-07-12T15:16:10 IDENTIFY ENGINE INICIO
2026-07-12T15:16:10 ANTES FTREnroll
2026-07-12T15:18:10 IDENTIFY TIMEOUT
2026-07-12T15:18:11 IDENTIFY INICIO
2026-07-12T15:18:11 Templates recebidos: 1
2026-07-12T15:18:11 IDENTIFY ENGINE INICIO
2026-07-12T15:18:11 ANTES FTREnroll
2026-07-12T15:20:11 IDENTIFY TIMEOUT
2026-07-12T15:20:13 IDENTIFY INICIO
2026-07-12T15:20:13 Templates recebidos: 1
2026-07-12T15:20:13 IDENTIFY ENGINE INICIO
2026-07-12T15:20:13 ANTES FTREnroll
2026-07-12T15:21:16 IDENTIFY INICIO
2026-07-12T15:21:16 Templates recebidos: 0
2026-07-12T15:21:17 IDENTIFY ENGINE INICIO
2026-07-12T15:21:55 IDENTIFY INICIO
2026-07-12T15:21:55 Templates recebidos: 0
2026-07-12T15:21:56 IDENTIFY ENGINE INICIO
2026-07-12T15:22:13 IDENTIFY TIMEOUT
2026-07-12T15:22:15 IDENTIFY INICIO
2026-07-12T15:22:15 Templates recebidos: 1
2026-07-12T15:22:15 IDENTIFY ENGINE INICIO
2026-07-12T15:22:15 ANTES FTREnroll
2026-07-12T15:24:15 IDENTIFY TIMEOUT
2026-07-12T15:24:15 IDENTIFY INICIO
2026-07-12T15:24:15 Templates recebidos: 1
2026-07-12T15:24:15 IDENTIFY ENGINE INICIO
2026-07-12T15:24:15 ANTES FTREnroll
2026-07-12T15:26:15 IDENTIFY TIMEOUT
2026-07-12T15:26:15 IDENTIFY INICIO
2026-07-12T15:26:15 Templates recebidos: 1
2026-07-12T15:26:15 IDENTIFY ENGINE INICIO
2026-07-12T15:26:15 ANTES FTREnroll
2026-07-12T15:27:32 IDENTIFY INICIO
2026-07-12T15:27:32 Templates recebidos: 1
2026-07-12T15:27:33 IDENTIFY ENGINE INICIO
2026-07-12T15:27:33 ANTES FTREnroll
2026-07-12T17:36:27 IDENTIFY INICIO
2026-07-12T17:36:27 Templates recebidos: 1
2026-07-12T17:36:27 IDENTIFY ENGINE INICIO
2026-07-12T17:36:27 ANTES FTREnroll
2026-07-12T17:38:27 IDENTIFY TIMEOUT
2026-07-12T17:38:29 IDENTIFY INICIO
2026-07-12T17:38:29 Templates recebidos: 1
2026-07-12T17:38:29 IDENTIFY ENGINE INICIO
2026-07-12T17:38:29 ANTES FTREnroll
2026-07-12T17:40:29 IDENTIFY TIMEOUT
2026-07-12T17:40:30 IDENTIFY INICIO
2026-07-12T17:40:30 Templates recebidos: 1
2026-07-12T17:40:30 IDENTIFY ENGINE INICIO
2026-07-12T17:40:30 ANTES FTREnroll
2026-07-12T17:42:30 IDENTIFY TIMEOUT
2026-07-12T17:42:32 IDENTIFY INICIO
2026-07-12T17:42:32 Templates recebidos: 1
2026-07-12T17:42:32 IDENTIFY ENGINE INICIO
2026-07-12T17:42:32 ANTES FTREnroll
2026-07-12T21:15:48 HTTP ATIVO
2026-07-12T21:15:50 IDENTIFY INICIO
2026-07-12T21:15:50 Templates recebidos: 1
2026-07-12T21:15:50 IDENTIFY ENGINE INICIO
2026-07-12T21:15:50 ANTES FTREnroll
2026-07-12T21:15:56 DEPOIS FTREnroll
2026-07-12T21:15:56 ANTES FTRSetBaseTemplate
2026-07-12T21:15:56 DEPOIS FTRSetBaseTemplate
2026-07-12T21:15:56 ANTES FTRIdentifyN
2026-07-12T21:15:56 DEPOIS FTRIdentifyN
2026-07-12T21:15:56 MATCH COUNT: 0
2026-07-12T21:15:56 FTRIdentifyN sem match. Tentando FTRVerify sequencial.
2026-07-12T21:15:56 FTRVerify aluno=1d61ff90-2578-4b4f-9c70-fe1b36542507 rc=5 verificado=False far=0
2026-07-12T21:15:57 IDENTIFY INICIO
2026-07-12T21:15:57 Templates recebidos: 1
2026-07-12T21:15:57 IDENTIFY ENGINE INICIO
2026-07-12T21:15:57 ANTES FTREnroll
2026-07-12T21:15:59 DEPOIS FTREnroll
2026-07-12T21:15:59 ANTES FTRSetBaseTemplate
2026-07-12T21:15:59 DEPOIS FTRSetBaseTemplate
2026-07-12T21:15:59 ANTES FTRIdentifyN
2026-07-12T21:16:01 HTTP ATIVO
2026-07-12T21:16:02 IDENTIFY INICIO
2026-07-12T21:16:02 Templates recebidos: 1
2026-07-12T21:16:02 IDENTIFY ENGINE INICIO
2026-07-12T21:16:02 ANTES FTREnroll
2026-07-12T21:16:05 DEPOIS FTREnroll
2026-07-12T21:16:05 ANTES FTRSetBaseTemplate
2026-07-12T21:16:05 DEPOIS FTRSetBaseTemplate
2026-07-12T21:16:05 ANTES FTRIdentifyN
2026-07-12T21:16:07 HTTP ATIVO
2026-07-12T21:16:08 IDENTIFY INICIO
2026-07-12T21:16:08 Templates recebidos: 1
2026-07-12T21:16:08 IDENTIFY ENGINE INICIO
2026-07-12T21:16:08 ANTES FTREnroll
2026-07-12T21:16:09 DEPOIS FTREnroll
2026-07-12T21:16:09 ANTES FTRSetBaseTemplate
2026-07-12T21:16:09 DEPOIS FTRSetBaseTemplate
2026-07-12T21:16:09 ANTES FTRIdentifyN
2026-07-12T21:16:11 HTTP ATIVO
2026-07-12T21:16:12 IDENTIFY INICIO
2026-07-12T21:16:12 Templates recebidos: 1
2026-07-12T21:16:12 IDENTIFY ENGINE INICIO
2026-07-12T21:16:12 ANTES FTREnroll
2026-07-12T21:16:14 DEPOIS FTREnroll
2026-07-12T21:16:14 ANTES FTRSetBaseTemplate
2026-07-12T21:16:14 DEPOIS FTRSetBaseTemplate
2026-07-12T21:16:14 ANTES FTRIdentifyN
2026-07-12T21:16:14 DEPOIS FTRIdentifyN
2026-07-12T21:16:14 MATCH COUNT: 0
2026-07-12T21:16:14 FTRIdentifyN sem match. Tentando FTRVerify sequencial.
2026-07-12T21:16:14 FTRVerify aluno=1d61ff90-2578-4b4f-9c70-fe1b36542507 rc=5 verificado=False far=0
2026-07-12T21:16:14 IDENTIFY INICIO
2026-07-12T21:16:14 Templates recebidos: 1
2026-07-12T21:16:14 IDENTIFY ENGINE INICIO
2026-07-12T21:16:14 ANTES FTREnroll
2026-07-12T21:16:17 DEPOIS FTREnroll
2026-07-12T21:16:17 ANTES FTRSetBaseTemplate
2026-07-12T21:16:17 DEPOIS FTRSetBaseTemplate
2026-07-12T21:16:17 ANTES FTRIdentifyN
2026-07-12T21:16:19 HTTP ATIVO
2026-07-12T21:16:20 IDENTIFY INICIO
2026-07-12T21:16:20 Templates recebidos: 1
2026-07-12T21:16:20 IDENTIFY ENGINE INICIO
2026-07-12T21:16:20 ANTES FTREnroll
2026-07-12T21:16:21 DEPOIS FTREnroll
2026-07-12T21:16:21 ANTES FTRSetBaseTemplate
2026-07-12T21:16:21 DEPOIS FTRSetBaseTemplate
2026-07-12T21:16:21 ANTES FTRIdentifyN
2026-07-12T21:16:23 HTTP ATIVO
2026-07-12T21:16:24 IDENTIFY INICIO
2026-07-12T21:16:24 Templates recebidos: 1
2026-07-12T21:16:24 IDENTIFY ENGINE INICIO
2026-07-12T21:16:24 ANTES FTREnroll
2026-07-12T21:16:25 DEPOIS FTREnroll
2026-07-12T21:16:25 ANTES FTRSetBaseTemplate
2026-07-12T21:16:25 DEPOIS FTRSetBaseTemplate
2026-07-12T21:16:25 ANTES FTRIdentifyN
2026-07-12T21:16:27 HTTP ATIVO
2026-07-12T21:16:28 IDENTIFY INICIO
2026-07-12T21:16:28 Templates recebidos: 1
2026-07-12T21:16:28 IDENTIFY ENGINE INICIO
2026-07-12T21:16:28 ANTES FTREnroll
2026-07-12T21:18:28 IDENTIFY TIMEOUT
2026-07-12T21:18:30 IDENTIFY INICIO
2026-07-12T21:18:30 Templates recebidos: 1
2026-07-12T21:20:30 IDENTIFY TIMEOUT
2026-07-12T21:20:32 IDENTIFY INICIO
2026-07-12T21:20:32 Templates recebidos: 1
2026-07-12T21:22:32 IDENTIFY TIMEOUT
2026-07-12T21:22:34 IDENTIFY INICIO
2026-07-12T21:22:34 Templates recebidos: 1
2026-07-12T21:24:34 IDENTIFY TIMEOUT
2026-07-12T21:24:35 IDENTIFY INICIO
2026-07-12T21:24:36 Templates recebidos: 1
2026-07-12T21:26:36 IDENTIFY TIMEOUT
2026-07-12T21:26:37 IDENTIFY INICIO
2026-07-12T21:26:37 Templates recebidos: 1
2026-07-12T21:35:26 HTTP ATIVO
2026-07-12T21:35:28 IDENTIFY INICIO
2026-07-12T21:35:28 Templates recebidos: 1
2026-07-12T21:35:28 IDENTIFY ENGINE INICIO
2026-07-12T21:35:28 ANTES FTREnroll
2026-07-12T21:37:28 IDENTIFY TIMEOUT
2026-07-12T21:37:30 IDENTIFY INICIO
2026-07-12T21:37:30 Templates recebidos: 1
2026-07-12T21:39:30 IDENTIFY TIMEOUT
2026-07-12T21:39:32 IDENTIFY INICIO
2026-07-12T21:39:32 Templates recebidos: 1
2026-07-12T21:41:32 IDENTIFY TIMEOUT
2026-07-12T21:41:34 IDENTIFY INICIO
2026-07-12T21:41:34 Templates recebidos: 1
2026-07-12T21:43:34 IDENTIFY TIMEOUT
2026-07-12T21:43:36 IDENTIFY INICIO
2026-07-12T21:43:36 Templates recebidos: 1
2026-07-12T21:45:36 IDENTIFY TIMEOUT
2026-07-12T21:45:38 IDENTIFY INICIO
2026-07-12T21:45:38 Templates recebidos: 1
2026-07-12T22:01:26 HTTP ATIVO
2026-07-12T22:01:27 IDENTIFY INICIO
2026-07-12T22:01:27 Templates recebidos: 1
2026-07-12T22:01:30 IDENTIFY ENGINE INICIO
2026-07-12T22:01:30 ANTES FTREnroll
2026-07-12T22:03:27 IDENTIFY TIMEOUT
2026-07-12T22:03:29 IDENTIFY INICIO
2026-07-12T22:03:29 Templates recebidos: 1
2026-07-12T22:05:29 IDENTIFY TIMEOUT
2026-07-12T22:05:31 IDENTIFY INICIO
2026-07-12T22:05:31 Templates recebidos: 1
2026-07-12T22:07:31 IDENTIFY TIMEOUT
2026-07-12T22:07:33 IDENTIFY INICIO
2026-07-12T22:07:33 Templates recebidos: 1
2026-07-12T22:09:33 IDENTIFY TIMEOUT
2026-07-12T22:09:35 IDENTIFY INICIO
2026-07-12T22:09:35 Templates recebidos: 1
2026-07-12T22:11:35 IDENTIFY TIMEOUT
2026-07-12T22:11:37 IDENTIFY INICIO
2026-07-12T22:11:37 Templates recebidos: 1
2026-07-12T22:13:37 IDENTIFY TIMEOUT
2026-07-12T22:13:39 IDENTIFY INICIO
2026-07-12T22:13:39 Templates recebidos: 1
2026-07-12T23:20:36 HTTP ATIVO
2026-07-12T23:20:38 IDENTIFY INICIO
2026-07-12T23:20:38 Templates recebidos: 1
2026-07-12T23:20:38 IDENTIFY ENGINE INICIO
2026-07-12T23:20:38 ANTES FTREnroll
2026-07-12T23:22:38 IDENTIFY TIMEOUT
2026-07-12T23:22:39 IDENTIFY INICIO
2026-07-12T23:22:39 Templates recebidos: 1
2026-07-12T23:24:39 IDENTIFY TIMEOUT
2026-07-12T23:24:41 IDENTIFY INICIO
2026-07-12T23:24:41 Templates recebidos: 1
2026-07-12T23:26:41 IDENTIFY TIMEOUT
2026-07-12T23:26:43 IDENTIFY INICIO
2026-07-12T23:26:43 Templates recebidos: 1
2026-07-12T23:28:19 HTTP ATIVO
2026-07-12T23:28:20 IDENTIFY INICIO
2026-07-12T23:28:20 Templates recebidos: 1
2026-07-12T23:28:21 IDENTIFY ENGINE INICIO
2026-07-12T23:28:21 ANTES FTREnroll
2026-07-12T23:30:20 IDENTIFY TIMEOUT
2026-07-12T23:30:22 IDENTIFY INICIO
2026-07-12T23:30:22 Templates recebidos: 1
2026-07-12T23:32:34 HTTP ATIVO
2026-07-12T23:32:35 IDENTIFY INICIO
2026-07-12T23:32:35 Templates recebidos: 1
2026-07-12T23:32:35 IDENTIFY ENGINE INICIO
2026-07-12T23:32:35 ANTES FTREnroll
2026-07-12T23:34:35 IDENTIFY TIMEOUT
2026-07-12T23:34:37 IDENTIFY INICIO
2026-07-12T23:34:37 Templates recebidos: 1
2026-07-12T23:36:37 IDENTIFY TIMEOUT
2026-07-12T23:36:39 IDENTIFY INICIO
2026-07-12T23:36:39 Templates recebidos: 1
2026-07-12T23:38:39 IDENTIFY TIMEOUT
2026-07-12T23:38:40 IDENTIFY INICIO
2026-07-12T23:38:40 Templates recebidos: 1
2026-07-12T23:40:40 IDENTIFY TIMEOUT
2026-07-12T23:40:42 IDENTIFY INICIO
2026-07-12T23:40:42 Templates recebidos: 1
2026-07-12T23:42:42 IDENTIFY TIMEOUT
2026-07-12T23:42:43 IDENTIFY INICIO
2026-07-12T23:42:43 Templates recebidos: 1
2026-07-12T23:44:43 IDENTIFY TIMEOUT
2026-07-12T23:44:45 IDENTIFY INICIO
2026-07-12T23:44:45 Templates recebidos: 1
2026-07-12T23:46:45 IDENTIFY TIMEOUT
2026-07-12T23:46:47 IDENTIFY INICIO
2026-07-12T23:46:47 Templates recebidos: 1
2026-07-12T23:48:47 IDENTIFY TIMEOUT
2026-07-12T23:48:48 IDENTIFY INICIO
2026-07-12T23:48:48 Templates recebidos: 1
2026-07-12T23:50:48 IDENTIFY TIMEOUT
2026-07-12T23:50:50 IDENTIFY INICIO
2026-07-12T23:50:50 Templates recebidos: 1
2026-07-12T23:52:50 IDENTIFY TIMEOUT
2026-07-12T23:52:52 IDENTIFY INICIO
2026-07-12T23:52:52 Templates recebidos: 1
2026-07-12T23:54:52 IDENTIFY TIMEOUT
2026-07-12T23:54:53 IDENTIFY INICIO
2026-07-12T23:54:53 Templates recebidos: 1
2026-07-12T23:56:53 IDENTIFY TIMEOUT
2026-07-12T23:56:55 IDENTIFY INICIO
2026-07-12T23:56:55 Templates recebidos: 1
2026-07-12T23:58:55 IDENTIFY TIMEOUT
2026-07-12T23:58:57 IDENTIFY INICIO
2026-07-12T23:58:57 Templates recebidos: 1
2026-07-13T00:00:57 IDENTIFY TIMEOUT
2026-07-13T00:00:58 IDENTIFY INICIO
2026-07-13T00:00:58 Templates recebidos: 1
2026-07-13T00:02:58 IDENTIFY TIMEOUT
2026-07-13T00:03:00 IDENTIFY INICIO
2026-07-13T00:03:00 Templates recebidos: 1
2026-07-13T00:05:00 IDENTIFY TIMEOUT
2026-07-13T00:05:38 HTTP ATIVO
2026-07-13T00:05:40 IDENTIFY INICIO
2026-07-13T00:05:40 Templates recebidos: 1
2026-07-13T00:05:40 IDENTIFY ENGINE INICIO
2026-07-13T00:05:40 ANTES FTREnroll
2026-07-13T00:07:40 IDENTIFY TIMEOUT
2026-07-13T00:07:42 IDENTIFY INICIO
2026-07-13T00:07:42 Templates recebidos: 1
2026-07-13T00:09:42 IDENTIFY TIMEOUT
2026-07-13T00:09:43 IDENTIFY INICIO
2026-07-13T00:09:43 Templates recebidos: 1
2026-07-13T00:11:43 IDENTIFY TIMEOUT
2026-07-13T00:11:45 IDENTIFY INICIO
2026-07-13T00:11:45 Templates recebidos: 1
2026-07-13T00:13:45 IDENTIFY TIMEOUT
2026-07-13T00:13:47 IDENTIFY INICIO
2026-07-13T00:13:47 Templates recebidos: 1
2026-07-13T00:15:47 IDENTIFY TIMEOUT
2026-07-13T00:15:48 IDENTIFY INICIO
2026-07-13T00:15:48 Templates recebidos: 1
2026-07-13T00:17:48 IDENTIFY TIMEOUT
2026-07-13T00:17:50 IDENTIFY INICIO
2026-07-13T00:17:50 Templates recebidos: 1
2026-07-13T00:19:50 IDENTIFY TIMEOUT
2026-07-13T00:19:52 IDENTIFY INICIO
2026-07-13T00:19:52 Templates recebidos: 1
2026-07-13T00:21:52 IDENTIFY TIMEOUT
2026-07-13T00:21:54 IDENTIFY INICIO
2026-07-13T00:21:54 Templates recebidos: 1
2026-07-13T00:23:54 IDENTIFY TIMEOUT
2026-07-13T00:23:55 IDENTIFY INICIO
2026-07-13T00:23:55 Templates recebidos: 1
2026-07-13T00:25:55 IDENTIFY TIMEOUT
2026-07-13T00:25:57 IDENTIFY INICIO
2026-07-13T00:25:57 Templates recebidos: 1
2026-07-13T00:27:57 IDENTIFY TIMEOUT
2026-07-13T00:27:59 IDENTIFY INICIO
2026-07-13T00:27:59 Templates recebidos: 1
2026-07-13T00:29:59 IDENTIFY TIMEOUT
2026-07-13T00:30:00 IDENTIFY INICIO
2026-07-13T00:30:00 Templates recebidos: 1
2026-07-13T00:32:00 IDENTIFY TIMEOUT
2026-07-13T00:32:02 IDENTIFY INICIO
2026-07-13T00:32:02 Templates recebidos: 1
2026-07-13T00:42:05 HTTP ATIVO
2026-07-13T00:42:09 IDENTIFY INICIO
2026-07-13T00:42:09 Templates recebidos: 1
2026-07-13T00:42:09 IDENTIFY ENGINE INICIO
2026-07-13T00:42:09 ANTES FTREnroll
2026-07-13T00:44:09 IDENTIFY TIMEOUT
2026-07-13T00:44:10 IDENTIFY INICIO
2026-07-13T00:44:10 Templates recebidos: 1
2026-07-13T01:56:37 HTTP ATIVO
2026-07-13T01:56:38 IDENTIFY INICIO
2026-07-13T01:56:38 Templates recebidos: 1
2026-07-13T01:56:39 IDENTIFY ENGINE INICIO
2026-07-13T01:56:39 ANTES FTREnroll
